2026-03-27 06:10:01 - ============================================================
2026-03-27 06:10:01 - 📚 文献监控定时任务开始
2026-03-27 06:10:01 - ============================================================
2026-03-27 06:10:01 - 开始文献监控...
2026-03-27 06:12:42 - ✅ 文献监控完成
2026-03-27 06:12:42 - 读取简报...
2026-03-27 06:12:44 - ❌ Telegram发送出错: HTTP Error 401: Unauthorized
2026-03-27 06:12:44 - ============================================================
2026-03-27 06:12:44 - 📚 文献监控定时任务完成
2026-03-27 06:12:44 - ============================================================
2026-03-28 06:10:00 - ============================================================
2026-03-28 06:10:00 - 📚 文献监控定时任务开始
2026-03-28 06:10:00 - ============================================================
2026-03-28 06:10:00 - 开始文献监控...
2026-03-28 06:12:40 - ✅ 文献监控完成
2026-03-28 06:12:40 - 读取简报...
2026-03-28 06:12:41 - ✅ Telegram消息发送成功
2026-03-28 06:12:41 - ============================================================
2026-03-28 06:12:41 - 📚 文献监控定时任务完成
2026-03-28 06:12:41 - ============================================================
2026-03-29 06:10:00 - ============================================================
2026-03-29 06:10:00 - 📚 文献监控定时任务开始
2026-03-29 06:10:00 - ============================================================
2026-03-29 06:10:00 - 开始文献监控...
2026-03-29 06:17:06 - ✅ 文献监控完成
2026-03-29 06:17:06 - 读取简报...
2026-03-29 06:17:08 - ✅ Telegram消息发送成功
2026-03-29 06:17:08 - ============================================================
2026-03-29 06:17:08 - 📚 文献监控定时任务完成
2026-03-29 06:17:08 - ============================================================
2026-03-30 06:10:00 - ============================================================
2026-03-30 06:10:00 - 📚 文献监控定时任务开始
2026-03-30 06:10:00 - ============================================================
2026-03-30 06:10:00 - 开始文献监控...
2026-03-30 06:16:11 - ✅ 文献监控完成
2026-03-30 06:16:11 - 读取简报...
2026-03-30 06:16:12 - ✅ Telegram消息发送成功
2026-03-30 06:16:12 - ============================================================
2026-03-30 06:16:12 - 📚 文献监控定时任务完成
2026-03-30 06:16:12 - ============================================================
