2026-03-26 13:33:43 - ============================================================
2026-03-26 13:33:43 - 文献监控开始
2026-03-26 13:33:43 - 
📌 搜索关键词: functional coating automotive
2026-03-26 13:33:43 - 🔍 Semantic Scholar: functional coating automotive
2026-03-26 13:33:43 -    ❌ HTTP 429
2026-03-26 13:33:44 - 🔍 OpenAlex: functional coating automotive
2026-03-26 13:33:46 -    ✅ 找到 5 条结果
2026-03-26 13:33:47 - 🔍 Crossref: functional coating automotive
2026-03-26 13:33:49 -    ✅ 找到 5 条结果
2026-03-26 13:33:50 - 🔍 arXiv: functional coating automotive
2026-03-26 13:33:52 -    ✅ 找到 3 条结果
2026-03-26 13:33:53 - 
📌 搜索关键词: automotive paint adhesion
2026-03-26 13:33:53 - 🔍 Semantic Scholar: automotive paint adhesion
2026-03-26 13:33:55 -    ❌ HTTP 429
2026-03-26 13:33:56 - 🔍 OpenAlex: automotive paint adhesion
2026-03-26 13:33:58 -    ✅ 找到 5 条结果
2026-03-26 13:33:59 - 🔍 Crossref: automotive paint adhesion
2026-03-26 13:34:03 -    ✅ 找到 5 条结果
2026-03-26 13:34:04 - 🔍 arXiv: automotive paint adhesion
2026-03-26 13:34:06 -    ✅ 找到 3 条结果
2026-03-26 13:34:07 - 
📌 搜索关键词: car paint protection coating
2026-03-26 13:34:07 - 🔍 Semantic Scholar: car paint protection coating
2026-03-26 13:34:08 -    ❌ HTTP 429
2026-03-26 13:34:09 - 🔍 OpenAlex: car paint protection coating
2026-03-26 13:34:10 -    ✅ 找到 5 条结果
2026-03-26 13:34:11 - 🔍 Crossref: car paint protection coating
2026-03-26 13:34:14 -    ✅ 找到 5 条结果
2026-03-26 13:34:15 - 🔍 arXiv: car paint protection coating
2026-03-26 13:34:18 -    ✅ 找到 3 条结果
2026-03-26 13:34:19 - 
📌 搜索关键词: 新能源汽车涂层材料
2026-03-26 13:34:19 - 🔍 Semantic Scholar: 新能源汽车涂层材料
2026-03-26 13:34:21 -    ❌ HTTP 429
2026-03-26 13:34:22 - 🔍 OpenAlex: 新能源汽车涂层材料
2026-03-26 13:34:24 -    ✅ 找到 0 条结果
2026-03-26 13:34:25 - 🔍 Crossref: 新能源汽车涂层材料
2026-03-26 13:34:27 -    ✅ 找到 5 条结果
2026-03-26 13:34:28 - 🔍 arXiv: 新能源汽车涂层材料
2026-03-26 13:34:30 -    ✅ 找到 0 条结果
2026-03-26 13:34:31 - 
📌 搜索关键词: 汽车涂料新工艺
2026-03-26 13:34:31 - 🔍 Semantic Scholar: 汽车涂料新工艺
2026-03-26 13:34:32 -    ❌ HTTP 429
2026-03-26 13:34:33 - 🔍 OpenAlex: 汽车涂料新工艺
2026-03-26 13:34:34 -    ✅ 找到 5 条结果
2026-03-26 13:34:35 - 🔍 Crossref: 汽车涂料新工艺
2026-03-26 13:34:37 -    ✅ 找到 5 条结果
2026-03-26 13:34:38 - 🔍 arXiv: 汽车涂料新工艺
2026-03-26 13:34:40 -    ✅ 找到 0 条结果
2026-03-26 13:34:41 - 
📌 搜索关键词: 3C coating material
2026-03-26 13:34:41 - 🔍 Semantic Scholar: 3C coating material
2026-03-26 13:34:42 -    ❌ HTTP 429
2026-03-26 13:34:43 - 🔍 OpenAlex: 3C coating material
2026-03-26 13:34:46 -    ✅ 找到 5 条结果
2026-03-26 13:34:47 - 🔍 Crossref: 3C coating material
2026-03-26 13:34:50 -    ✅ 找到 5 条结果
2026-03-26 13:34:51 - 🔍 arXiv: 3C coating material
2026-03-26 13:34:53 -    ✅ 找到 3 条结果
2026-03-26 13:34:54 - 
📌 搜索关键词: electronic coating nano
2026-03-26 13:34:54 - 🔍 Semantic Scholar: electronic coating nano
2026-03-26 13:34:55 -    ❌ HTTP 429
2026-03-26 13:34:56 - 🔍 OpenAlex: electronic coating nano
2026-03-26 13:35:00 -    ✅ 找到 5 条结果
2026-03-26 13:35:01 - 🔍 Crossref: electronic coating nano
2026-03-26 13:35:04 -    ✅ 找到 5 条结果
2026-03-26 13:35:05 - 🔍 arXiv: electronic coating nano
2026-03-26 13:35:06 -    ✅ 找到 3 条结果
2026-03-26 13:35:07 - 
📌 搜索关键词: smartphone coating technology
2026-03-26 13:35:07 - 🔍 Semantic Scholar: smartphone coating technology
2026-03-26 13:35:08 -    ❌ HTTP 429
2026-03-26 13:35:09 - 🔍 OpenAlex: smartphone coating technology
2026-03-26 13:35:10 -    ✅ 找到 5 条结果
2026-03-26 13:35:11 - 🔍 Crossref: smartphone coating technology
2026-03-26 13:35:14 -    ✅ 找到 5 条结果
2026-03-26 13:35:15 - 🔍 arXiv: smartphone coating technology
2026-03-26 13:35:17 -    ✅ 找到 3 条结果
2026-03-26 13:35:18 - 
📌 搜索关键词: 防腐涂层 电子
2026-03-26 13:35:18 - 🔍 Semantic Scholar: 防腐涂层 电子
2026-03-26 13:35:19 -    ❌ HTTP 429
2026-03-26 13:35:20 - 🔍 OpenAlex: 防腐涂层 电子
2026-03-26 13:35:22 -    ✅ 找到 5 条结果
2026-03-26 13:35:23 - 🔍 Crossref: 防腐涂层 电子
2026-03-26 13:35:25 -    ✅ 找到 5 条结果
2026-03-26 13:35:26 - 🔍 arXiv: 防腐涂层 电子
2026-03-26 13:35:27 -    ✅ 找到 0 条结果
2026-03-26 13:35:28 - 
📌 搜索关键词: functional coating
2026-03-26 13:35:28 - 🔍 Semantic Scholar: functional coating
2026-03-26 13:35:29 -    ❌ HTTP 429
2026-03-26 13:35:31 - 🔍 OpenAlex: functional coating
2026-03-26 13:35:32 -    ✅ 找到 5 条结果
2026-03-26 13:35:33 - 🔍 Crossref: functional coating
2026-03-26 13:35:35 -    ✅ 找到 5 条结果
2026-03-26 13:35:36 - 🔍 arXiv: functional coating
2026-03-26 13:35:38 -    ✅ 找到 3 条结果
2026-03-26 13:35:39 - 
📌 搜索关键词: nano coating surface
2026-03-26 13:35:39 - 🔍 Semantic Scholar: nano coating surface
2026-03-26 13:35:40 -    ❌ HTTP 429
2026-03-26 13:35:41 - 🔍 OpenAlex: nano coating surface
2026-03-26 13:35:42 -    ✅ 找到 5 条结果
2026-03-26 13:35:43 - 🔍 Crossref: nano coating surface
2026-03-26 13:35:47 -    ✅ 找到 5 条结果
2026-03-26 13:35:48 - 🔍 arXiv: nano coating surface
2026-03-26 13:35:51 -    ✅ 找到 3 条结果
2026-03-26 13:35:52 - 
📌 搜索关键词: smart coating self-healing
2026-03-26 13:35:52 - 🔍 Semantic Scholar: smart coating self-healing
2026-03-26 13:35:53 -    ❌ HTTP 429
2026-03-26 13:35:54 - 🔍 OpenAlex: smart coating self-healing
2026-03-26 13:35:56 -    ✅ 找到 5 条结果
2026-03-26 13:35:57 - 🔍 Crossref: smart coating self-healing
2026-03-26 13:36:00 -    ✅ 找到 5 条结果
2026-03-26 13:36:01 - 🔍 arXiv: smart coating self-healing
2026-03-26 13:36:04 -    ✅ 找到 3 条结果
2026-03-26 13:36:05 - 
📌 搜索关键词: 功能涂料 新材料
2026-03-26 13:36:05 - 🔍 Semantic Scholar: 功能涂料 新材料
2026-03-26 13:36:08 -    ❌ HTTP 429
2026-03-26 13:36:09 - 🔍 OpenAlex: 功能涂料 新材料
2026-03-26 13:36:10 -    ✅ 找到 5 条结果
2026-03-26 13:36:11 - 🔍 Crossref: 功能涂料 新材料
2026-03-26 13:36:14 -    ✅ 找到 5 条结果
2026-03-26 13:36:15 - 🔍 arXiv: 功能涂料 新材料
2026-03-26 13:36:18 -    ✅ 找到 0 条结果
2026-03-26 13:36:19 - 
📌 搜索关键词: surface treatment technology
2026-03-26 13:36:19 - 🔍 Semantic Scholar: surface treatment technology
2026-03-26 13:36:20 -    ❌ HTTP 429
2026-03-26 13:36:21 - 🔍 OpenAlex: surface treatment technology
2026-03-26 13:36:22 -    ✅ 找到 5 条结果
2026-03-26 13:36:23 - 🔍 Crossref: surface treatment technology
2026-03-26 13:36:27 -    ✅ 找到 5 条结果
2026-03-26 13:36:28 - 🔍 arXiv: surface treatment technology
2026-03-26 13:36:29 -    ❌ 错误: HTTPSConnectionPool(host='export.arxiv.org', port=443): Max retries exceeded with url: /api/query?search_query=all%3Asurface+treatment+technology&start=0&max_results=3&sortBy=submittedDate&sortOrder=descending (Caused by SSLError(SSLEOFError(8, '[SSL: UNEXPECTED_EOF_WHILE_READING] EOF occurred in violation of protocol (_ssl.c:1081)')))
2026-03-26 13:36:30 - 
📌 搜索关键词: corrosion protection coating
2026-03-26 13:36:30 - 🔍 Semantic Scholar: corrosion protection coating
2026-03-26 13:36:32 -    ❌ HTTP 429
2026-03-26 13:36:33 - 🔍 OpenAlex: corrosion protection coating
2026-03-26 13:36:35 -    ✅ 找到 5 条结果
2026-03-26 13:36:36 - 🔍 Crossref: corrosion protection coating
2026-03-26 13:36:38 -    ✅ 找到 5 条结果
2026-03-26 13:36:40 - 🔍 arXiv: corrosion protection coating
2026-03-26 13:36:42 -    ✅ 找到 3 条结果
2026-03-26 13:36:43 - 
📌 搜索关键词: paint adhesion promoter
2026-03-26 13:36:43 - 🔍 Semantic Scholar: paint adhesion promoter
2026-03-26 13:36:44 -    ❌ HTTP 429
2026-03-26 13:36:45 - 🔍 OpenAlex: paint adhesion promoter
2026-03-26 13:36:51 -    ✅ 找到 5 条结果
2026-03-26 13:36:52 - 🔍 Crossref: paint adhesion promoter
2026-03-26 13:36:56 -    ✅ 找到 5 条结果
2026-03-26 13:36:57 - 🔍 arXiv: paint adhesion promoter
2026-03-26 13:36:58 -    ✅ 找到 3 条结果
2026-03-26 13:36:59 - 
📌 搜索关键词: 表面处理 新工艺
2026-03-26 13:36:59 - 🔍 Semantic Scholar: 表面处理 新工艺
2026-03-26 13:37:00 -    ❌ HTTP 429
2026-03-26 13:37:01 - 🔍 OpenAlex: 表面处理 新工艺
2026-03-26 13:37:05 -    ✅ 找到 5 条结果
2026-03-26 13:37:06 - 🔍 Crossref: 表面处理 新工艺
2026-03-26 13:37:10 -    ✅ 找到 5 条结果
2026-03-26 13:37:11 - 🔍 arXiv: 表面处理 新工艺
2026-03-26 13:37:13 -    ✅ 找到 0 条结果
2026-03-26 13:37:14 - 
✅ 共找到 174 篇文献
2026-03-26 13:37:14 - 💾 报告已保存: /Users/rayxu/.openclaw/workspace/scripts/literature/literature-20260326-133714.json
2026-03-26 13:37:14 - ============================================================
2026-03-26 13:37:14 - 💾 简报已保存: /Users/rayxu/.openclaw/workspace/scripts/literature/literature-brief-20260326-133714.txt
2026-03-27 06:10:02 - ============================================================
2026-03-27 06:10:02 - 文献监控开始
2026-03-27 06:10:02 - 
📌 搜索关键词: functional coating automotive
2026-03-27 06:10:02 - 🔍 Semantic Scholar: functional coating automotive
2026-03-27 06:10:03 -    ❌ HTTP 429
2026-03-27 06:10:04 - 🔍 OpenAlex: functional coating automotive
2026-03-27 06:10:06 -    ✅ 找到 5 条结果
2026-03-27 06:10:07 - 🔍 Crossref: functional coating automotive
2026-03-27 06:10:08 -    ✅ 找到 5 条结果
2026-03-27 06:10:09 - 🔍 arXiv: functional coating automotive
2026-03-27 06:10:12 -    ✅ 找到 3 条结果
2026-03-27 06:10:13 - 
📌 搜索关键词: automotive paint adhesion
2026-03-27 06:10:13 - 🔍 Semantic Scholar: automotive paint adhesion
2026-03-27 06:10:13 -    ❌ HTTP 429
2026-03-27 06:10:15 - 🔍 OpenAlex: automotive paint adhesion
2026-03-27 06:10:15 -    ✅ 找到 5 条结果
2026-03-27 06:10:17 - 🔍 Crossref: automotive paint adhesion
2026-03-27 06:10:17 -    ✅ 找到 5 条结果
2026-03-27 06:10:19 - 🔍 arXiv: automotive paint adhesion
2026-03-27 06:10:20 -    ✅ 找到 3 条结果
2026-03-27 06:10:21 - 
📌 搜索关键词: car paint protection coating
2026-03-27 06:10:21 - 🔍 Semantic Scholar: car paint protection coating
2026-03-27 06:10:22 -    ❌ HTTP 429
2026-03-27 06:10:23 - 🔍 OpenAlex: car paint protection coating
2026-03-27 06:10:25 -    ✅ 找到 5 条结果
2026-03-27 06:10:26 - 🔍 Crossref: car paint protection coating
2026-03-27 06:10:27 -    ✅ 找到 5 条结果
2026-03-27 06:10:28 - 🔍 arXiv: car paint protection coating
2026-03-27 06:10:29 -    ✅ 找到 3 条结果
2026-03-27 06:10:31 - 
📌 搜索关键词: 新能源汽车涂层材料
2026-03-27 06:10:31 - 🔍 Semantic Scholar: 新能源汽车涂层材料
2026-03-27 06:10:33 -    ✅ 找到 0 条结果
2026-03-27 06:10:34 - 🔍 OpenAlex: 新能源汽车涂层材料
2026-03-27 06:10:35 -    ✅ 找到 0 条结果
2026-03-27 06:10:36 - 🔍 Crossref: 新能源汽车涂层材料
2026-03-27 06:10:37 -    ✅ 找到 5 条结果
2026-03-27 06:10:38 - 🔍 arXiv: 新能源汽车涂层材料
2026-03-27 06:10:39 -    ✅ 找到 0 条结果
2026-03-27 06:10:40 - 
📌 搜索关键词: 汽车涂料新工艺
2026-03-27 06:10:40 - 🔍 Semantic Scholar: 汽车涂料新工艺
2026-03-27 06:10:41 -    ❌ HTTP 429
2026-03-27 06:10:42 - 🔍 OpenAlex: 汽车涂料新工艺
2026-03-27 06:10:48 -    ✅ 找到 5 条结果
2026-03-27 06:10:49 - 🔍 Crossref: 汽车涂料新工艺
2026-03-27 06:10:51 -    ✅ 找到 5 条结果
2026-03-27 06:10:52 - 🔍 arXiv: 汽车涂料新工艺
2026-03-27 06:10:53 -    ✅ 找到 0 条结果
2026-03-27 06:10:54 - 
📌 搜索关键词: 3C coating material
2026-03-27 06:10:54 - 🔍 Semantic Scholar: 3C coating material
2026-03-27 06:10:55 -    ❌ HTTP 429
2026-03-27 06:10:56 - 🔍 OpenAlex: 3C coating material
2026-03-27 06:10:59 -    ✅ 找到 5 条结果
2026-03-27 06:11:00 - 🔍 Crossref: 3C coating material
2026-03-27 06:11:01 -    ✅ 找到 5 条结果
2026-03-27 06:11:02 - 🔍 arXiv: 3C coating material
2026-03-27 06:11:04 -    ✅ 找到 3 条结果
2026-03-27 06:11:05 - 
📌 搜索关键词: electronic coating nano
2026-03-27 06:11:05 - 🔍 Semantic Scholar: electronic coating nano
2026-03-27 06:11:05 -    ❌ HTTP 429
2026-03-27 06:11:06 - 🔍 OpenAlex: electronic coating nano
2026-03-27 06:11:08 -    ✅ 找到 5 条结果
2026-03-27 06:11:09 - 🔍 Crossref: electronic coating nano
2026-03-27 06:11:10 -    ✅ 找到 5 条结果
2026-03-27 06:11:11 - 🔍 arXiv: electronic coating nano
2026-03-27 06:11:12 -    ✅ 找到 3 条结果
2026-03-27 06:11:13 - 
📌 搜索关键词: smartphone coating technology
2026-03-27 06:11:13 - 🔍 Semantic Scholar: smartphone coating technology
2026-03-27 06:11:14 -    ❌ HTTP 429
2026-03-27 06:11:15 - 🔍 OpenAlex: smartphone coating technology
2026-03-27 06:11:17 -    ✅ 找到 5 条结果
2026-03-27 06:11:18 - 🔍 Crossref: smartphone coating technology
2026-03-27 06:11:19 -    ✅ 找到 5 条结果
2026-03-27 06:11:20 - 🔍 arXiv: smartphone coating technology
2026-03-27 06:11:22 - 
📌 搜索关键词: 防腐涂层 电子
2026-03-27 06:11:22 - 🔍 Semantic Scholar: 防腐涂层 电子
2026-03-27 06:11:22 -    ❌ HTTP 429
2026-03-27 06:11:23 - 🔍 OpenAlex: 防腐涂层 电子
2026-03-27 06:11:24 -    ✅ 找到 5 条结果
2026-03-27 06:11:26 - 🔍 Crossref: 防腐涂层 电子
2026-03-27 06:11:27 -    ✅ 找到 5 条结果
2026-03-27 06:11:28 - 🔍 arXiv: 防腐涂层 电子
2026-03-27 06:11:29 -    ✅ 找到 0 条结果
2026-03-27 06:11:30 - 
📌 搜索关键词: functional coating
2026-03-27 06:11:30 - 🔍 Semantic Scholar: functional coating
2026-03-27 06:11:31 -    ❌ HTTP 429
2026-03-27 06:11:32 - 🔍 OpenAlex: functional coating
2026-03-27 06:11:34 -    ✅ 找到 5 条结果
2026-03-27 06:11:35 - 🔍 Crossref: functional coating
2026-03-27 06:11:36 -    ✅ 找到 5 条结果
2026-03-27 06:11:37 - 🔍 arXiv: functional coating
2026-03-27 06:11:38 -    ✅ 找到 3 条结果
2026-03-27 06:11:39 - 
📌 搜索关键词: nano coating surface
2026-03-27 06:11:39 - 🔍 Semantic Scholar: nano coating surface
2026-03-27 06:11:40 -    ❌ HTTP 429
2026-03-27 06:11:41 - 🔍 OpenAlex: nano coating surface
2026-03-27 06:11:43 -    ✅ 找到 5 条结果
2026-03-27 06:11:44 - 🔍 Crossref: nano coating surface
2026-03-27 06:11:45 -    ✅ 找到 5 条结果
2026-03-27 06:11:46 - 🔍 arXiv: nano coating surface
2026-03-27 06:11:47 -    ✅ 找到 3 条结果
2026-03-27 06:11:48 - 
📌 搜索关键词: smart coating self-healing
2026-03-27 06:11:48 - 🔍 Semantic Scholar: smart coating self-healing
2026-03-27 06:11:49 -    ❌ HTTP 429
2026-03-27 06:11:50 - 🔍 OpenAlex: smart coating self-healing
2026-03-27 06:11:52 -    ✅ 找到 5 条结果
2026-03-27 06:11:54 - 🔍 Crossref: smart coating self-healing
2026-03-27 06:11:55 -    ✅ 找到 5 条结果
2026-03-27 06:11:56 - 🔍 arXiv: smart coating self-healing
2026-03-27 06:11:57 - 
📌 搜索关键词: 功能涂料 新材料
2026-03-27 06:11:57 - 🔍 Semantic Scholar: 功能涂料 新材料
2026-03-27 06:11:58 -    ❌ HTTP 429
2026-03-27 06:11:59 - 🔍 OpenAlex: 功能涂料 新材料
2026-03-27 06:12:01 -    ✅ 找到 5 条结果
2026-03-27 06:12:02 - 🔍 Crossref: 功能涂料 新材料
2026-03-27 06:12:03 -    ✅ 找到 5 条结果
2026-03-27 06:12:04 - 🔍 arXiv: 功能涂料 新材料
2026-03-27 06:12:05 -    ✅ 找到 0 条结果
2026-03-27 06:12:06 - 
📌 搜索关键词: surface treatment technology
2026-03-27 06:12:06 - 🔍 Semantic Scholar: surface treatment technology
2026-03-27 06:12:07 -    ❌ HTTP 429
2026-03-27 06:12:08 - 🔍 OpenAlex: surface treatment technology
2026-03-27 06:12:10 -    ✅ 找到 5 条结果
2026-03-27 06:12:11 - 🔍 Crossref: surface treatment technology
2026-03-27 06:12:12 -    ✅ 找到 5 条结果
2026-03-27 06:12:13 - 🔍 arXiv: surface treatment technology
2026-03-27 06:12:14 -    ✅ 找到 3 条结果
2026-03-27 06:12:15 - 
📌 搜索关键词: corrosion protection coating
2026-03-27 06:12:15 - 🔍 Semantic Scholar: corrosion protection coating
2026-03-27 06:12:16 -    ❌ HTTP 429
2026-03-27 06:12:17 - 🔍 OpenAlex: corrosion protection coating
2026-03-27 06:12:19 -    ✅ 找到 5 条结果
2026-03-27 06:12:20 - 🔍 Crossref: corrosion protection coating
2026-03-27 06:12:21 -    ✅ 找到 5 条结果
2026-03-27 06:12:22 - 🔍 arXiv: corrosion protection coating
2026-03-27 06:12:23 -    ✅ 找到 3 条结果
2026-03-27 06:12:24 - 
📌 搜索关键词: paint adhesion promoter
2026-03-27 06:12:24 - 🔍 Semantic Scholar: paint adhesion promoter
2026-03-27 06:12:25 -    ❌ HTTP 429
2026-03-27 06:12:26 - 🔍 OpenAlex: paint adhesion promoter
2026-03-27 06:12:28 -    ✅ 找到 5 条结果
2026-03-27 06:12:29 - 🔍 Crossref: paint adhesion promoter
2026-03-27 06:12:30 -    ✅ 找到 5 条结果
2026-03-27 06:12:31 - 🔍 arXiv: paint adhesion promoter
2026-03-27 06:12:32 -    ✅ 找到 3 条结果
2026-03-27 06:12:33 - 
📌 搜索关键词: 表面处理 新工艺
2026-03-27 06:12:33 - 🔍 Semantic Scholar: 表面处理 新工艺
2026-03-27 06:12:34 -    ❌ HTTP 429
2026-03-27 06:12:35 - 🔍 OpenAlex: 表面处理 新工艺
2026-03-27 06:12:36 -    ✅ 找到 5 条结果
2026-03-27 06:12:38 - 🔍 Crossref: 表面处理 新工艺
2026-03-27 06:12:39 -    ✅ 找到 5 条结果
2026-03-27 06:12:40 - 🔍 arXiv: 表面处理 新工艺
2026-03-27 06:12:41 -    ✅ 找到 0 条结果
2026-03-27 06:12:42 - 
✅ 共找到 171 篇文献
2026-03-27 06:12:42 - 💾 报告已保存: /Users/rayxu/.openclaw/workspace/scripts/literature/literature-20260327-061242.json
2026-03-27 06:12:42 - ============================================================
2026-03-27 06:12:42 - 💾 简报已保存: /Users/rayxu/.openclaw/workspace/scripts/literature/literature-brief-20260327-061242.txt
2026-03-27 07:00:07 - ============================================================
2026-03-27 07:00:07 - 文献监控开始
2026-03-27 07:00:07 - 
📌 搜索关键词: functional coating automotive
2026-03-27 07:00:07 - 🔍 Semantic Scholar: functional coating automotive
2026-03-27 07:00:08 -    ❌ HTTP 429
2026-03-27 07:00:09 - 🔍 OpenAlex: functional coating automotive
2026-03-27 07:00:11 -    ✅ 找到 5 条结果
2026-03-27 07:00:12 - 🔍 Crossref: functional coating automotive
2026-03-27 07:00:13 -    ✅ 找到 5 条结果
2026-03-27 07:00:14 - 🔍 arXiv: functional coating automotive
2026-03-27 07:00:15 -    ✅ 找到 3 条结果
2026-03-27 07:00:16 - 
📌 搜索关键词: automotive paint adhesion
2026-03-27 07:00:16 - 🔍 Semantic Scholar: automotive paint adhesion
2026-03-27 07:00:16 -    ❌ HTTP 429
2026-03-27 07:00:18 - 🔍 OpenAlex: automotive paint adhesion
2026-03-27 07:00:19 -    ✅ 找到 5 条结果
2026-03-27 07:00:20 - 🔍 Crossref: automotive paint adhesion
2026-03-27 07:00:21 -    ✅ 找到 5 条结果
2026-03-27 07:00:22 - 🔍 arXiv: automotive paint adhesion
2026-03-27 07:00:23 -    ✅ 找到 3 条结果
2026-03-27 07:00:24 - 
📌 搜索关键词: car paint protection coating
2026-03-27 07:00:24 - 🔍 Semantic Scholar: car paint protection coating
2026-03-27 07:00:25 -    ❌ HTTP 429
2026-03-27 07:00:26 - 🔍 OpenAlex: car paint protection coating
2026-03-27 07:00:28 -    ✅ 找到 5 条结果
2026-03-27 07:00:29 - 🔍 Crossref: car paint protection coating
2026-03-27 07:00:30 -    ✅ 找到 5 条结果
2026-03-27 07:00:31 - 🔍 arXiv: car paint protection coating
2026-03-27 07:00:32 -    ✅ 找到 3 条结果
2026-03-27 07:00:33 - 
📌 搜索关键词: 新能源汽车涂层材料
2026-03-27 07:00:33 - 🔍 Semantic Scholar: 新能源汽车涂层材料
2026-03-27 07:00:34 -    ❌ HTTP 429
2026-03-27 07:00:35 - 🔍 OpenAlex: 新能源汽车涂层材料
2026-03-27 07:00:37 -    ✅ 找到 0 条结果
2026-03-27 07:00:38 - 🔍 Crossref: 新能源汽车涂层材料
2026-03-27 07:00:39 -    ✅ 找到 5 条结果
2026-03-27 07:00:40 - 🔍 arXiv: 新能源汽车涂层材料
2026-03-27 07:00:41 -    ✅ 找到 0 条结果
2026-03-27 07:00:42 - 
📌 搜索关键词: 汽车涂料新工艺
2026-03-27 07:00:42 - 🔍 Semantic Scholar: 汽车涂料新工艺
2026-03-27 07:00:43 -    ❌ HTTP 429
2026-03-27 07:00:44 - 🔍 OpenAlex: 汽车涂料新工艺
2026-03-27 07:00:45 -    ✅ 找到 5 条结果
2026-03-27 07:00:46 - 🔍 Crossref: 汽车涂料新工艺
2026-03-27 07:00:47 -    ✅ 找到 5 条结果
2026-03-27 07:00:48 - 🔍 arXiv: 汽车涂料新工艺
2026-03-27 07:00:49 -    ✅ 找到 0 条结果
2026-03-27 07:00:51 - 
📌 搜索关键词: 3C coating material
2026-03-27 07:00:51 - 🔍 Semantic Scholar: 3C coating material
2026-03-27 07:00:51 -    ❌ HTTP 429
2026-03-27 07:00:52 - 🔍 OpenAlex: 3C coating material
2026-03-27 07:00:54 -    ✅ 找到 5 条结果
2026-03-27 07:00:55 - 🔍 Crossref: 3C coating material
2026-03-27 07:00:56 -    ✅ 找到 5 条结果
2026-03-27 07:00:57 - 🔍 arXiv: 3C coating material
2026-03-27 07:00:58 -    ✅ 找到 3 条结果
2026-03-27 07:00:59 - 
📌 搜索关键词: electronic coating nano
2026-03-27 07:00:59 - 🔍 Semantic Scholar: electronic coating nano
2026-03-27 07:01:00 -    ❌ HTTP 429
2026-03-27 07:01:01 - 🔍 OpenAlex: electronic coating nano
2026-03-27 07:01:02 -    ✅ 找到 5 条结果
2026-03-27 07:01:03 - 🔍 Crossref: electronic coating nano
2026-03-27 07:01:04 -    ✅ 找到 5 条结果
2026-03-27 07:01:05 - 🔍 arXiv: electronic coating nano
2026-03-27 07:01:06 -    ✅ 找到 3 条结果
2026-03-27 07:01:07 - 
📌 搜索关键词: smartphone coating technology
2026-03-27 07:01:07 - 🔍 Semantic Scholar: smartphone coating technology
2026-03-27 07:01:08 -    ❌ HTTP 429
2026-03-27 07:01:09 - 🔍 OpenAlex: smartphone coating technology
2026-03-27 07:01:10 -    ✅ 找到 5 条结果
2026-03-27 07:01:11 - 🔍 Crossref: smartphone coating technology
2026-03-27 07:01:12 -    ✅ 找到 5 条结果
2026-03-27 07:01:13 - 🔍 arXiv: smartphone coating technology
2026-03-27 07:01:14 -    ✅ 找到 3 条结果
2026-03-27 07:01:15 - 
📌 搜索关键词: 防腐涂层 电子
2026-03-27 07:01:15 - 🔍 Semantic Scholar: 防腐涂层 电子
2026-03-27 07:01:16 -    ❌ HTTP 429
2026-03-27 07:01:17 - 🔍 OpenAlex: 防腐涂层 电子
2026-03-27 07:01:19 -    ✅ 找到 5 条结果
2026-03-27 07:01:20 - 🔍 Crossref: 防腐涂层 电子
2026-03-27 07:01:21 -    ✅ 找到 5 条结果
2026-03-27 07:01:22 - 🔍 arXiv: 防腐涂层 电子
2026-03-27 07:01:23 -    ✅ 找到 0 条结果
2026-03-27 07:01:24 - 
📌 搜索关键词: functional coating
2026-03-27 07:01:24 - 🔍 Semantic Scholar: functional coating
2026-03-27 07:01:25 -    ❌ HTTP 429
2026-03-27 07:01:26 - 🔍 OpenAlex: functional coating
2026-03-27 07:01:27 -    ✅ 找到 5 条结果
2026-03-27 07:01:29 - 🔍 Crossref: functional coating
2026-03-27 07:01:29 -    ✅ 找到 5 条结果
2026-03-27 07:01:31 - 🔍 arXiv: functional coating
2026-03-27 07:01:31 -    ✅ 找到 3 条结果
2026-03-27 07:01:33 - 
📌 搜索关键词: nano coating surface
2026-03-27 07:01:33 - 🔍 Semantic Scholar: nano coating surface
2026-03-27 07:01:33 -    ❌ HTTP 429
2026-03-27 07:01:34 - 🔍 OpenAlex: nano coating surface
2026-03-27 07:01:36 -    ✅ 找到 5 条结果
2026-03-27 07:01:37 - 🔍 Crossref: nano coating surface
2026-03-27 07:01:37 -    ✅ 找到 5 条结果
2026-03-27 07:01:39 - 🔍 arXiv: nano coating surface
2026-03-27 07:01:40 -    ✅ 找到 3 条结果
2026-03-27 07:01:41 - 
📌 搜索关键词: smart coating self-healing
2026-03-27 07:01:41 - 🔍 Semantic Scholar: smart coating self-healing
2026-03-27 07:01:41 -    ❌ HTTP 429
2026-03-27 07:01:42 - 🔍 OpenAlex: smart coating self-healing
2026-03-27 07:01:44 -    ✅ 找到 5 条结果
2026-03-27 07:01:45 - 🔍 Crossref: smart coating self-healing
2026-03-27 07:01:46 -    ✅ 找到 5 条结果
2026-03-27 07:01:47 - 🔍 arXiv: smart coating self-healing
2026-03-27 07:01:49 -    ✅ 找到 3 条结果
2026-03-27 07:01:50 - 
📌 搜索关键词: 功能涂料 新材料
2026-03-27 07:01:50 - 🔍 Semantic Scholar: 功能涂料 新材料
2026-03-27 07:01:51 -    ✅ 找到 5 条结果
2026-03-27 07:01:52 - 🔍 OpenAlex: 功能涂料 新材料
2026-03-27 07:01:53 -    ✅ 找到 5 条结果
2026-03-27 07:01:54 - 🔍 Crossref: 功能涂料 新材料
2026-03-27 07:01:55 -    ✅ 找到 5 条结果
2026-03-27 07:01:56 - 🔍 arXiv: 功能涂料 新材料
2026-03-27 07:01:57 -    ✅ 找到 0 条结果
2026-03-27 07:01:58 - 
📌 搜索关键词: surface treatment technology
2026-03-27 07:01:58 - 🔍 Semantic Scholar: surface treatment technology
2026-03-27 07:01:59 -    ❌ HTTP 429
2026-03-27 07:02:00 - 🔍 OpenAlex: surface treatment technology
2026-03-27 07:02:01 -    ✅ 找到 5 条结果
2026-03-27 07:02:03 - 🔍 Crossref: surface treatment technology
2026-03-27 07:02:03 -    ✅ 找到 5 条结果
2026-03-27 07:02:05 - 🔍 arXiv: surface treatment technology
2026-03-27 07:02:06 -    ✅ 找到 3 条结果
2026-03-27 07:02:07 - 
📌 搜索关键词: corrosion protection coating
2026-03-27 07:02:07 - 🔍 Semantic Scholar: corrosion protection coating
2026-03-27 07:02:07 -    ❌ HTTP 429
2026-03-27 07:02:08 - 🔍 OpenAlex: corrosion protection coating
2026-03-27 07:02:09 -    ✅ 找到 5 条结果
2026-03-27 07:02:10 - 🔍 Crossref: corrosion protection coating
2026-03-27 07:02:12 -    ✅ 找到 5 条结果
2026-03-27 07:02:13 - 🔍 arXiv: corrosion protection coating
2026-03-27 07:02:14 -    ✅ 找到 3 条结果
2026-03-27 07:02:15 - 
📌 搜索关键词: paint adhesion promoter
2026-03-27 07:02:15 - 🔍 Semantic Scholar: paint adhesion promoter
2026-03-27 07:02:16 -    ❌ HTTP 429
2026-03-27 07:02:17 - 🔍 OpenAlex: paint adhesion promoter
2026-03-27 07:02:19 -    ✅ 找到 5 条结果
2026-03-27 07:02:20 - 🔍 Crossref: paint adhesion promoter
2026-03-27 07:02:21 -    ✅ 找到 5 条结果
2026-03-27 07:02:22 - 🔍 arXiv: paint adhesion promoter
2026-03-27 07:02:23 -    ✅ 找到 3 条结果
2026-03-27 07:02:24 - 
📌 搜索关键词: 表面处理 新工艺
2026-03-27 07:02:24 - 🔍 Semantic Scholar: 表面处理 新工艺
2026-03-27 07:02:25 -    ❌ HTTP 429
2026-03-27 07:02:26 - 🔍 OpenAlex: 表面处理 新工艺
2026-03-27 07:02:27 -    ✅ 找到 5 条结果
2026-03-27 07:02:29 - 🔍 Crossref: 表面处理 新工艺
2026-03-27 07:02:29 -    ✅ 找到 5 条结果
2026-03-27 07:02:31 - 🔍 arXiv: 表面处理 新工艺
2026-03-27 07:02:31 -    ✅ 找到 0 条结果
2026-03-27 07:02:33 - 
✅ 共找到 180 篇文献
2026-03-27 07:02:33 - 💾 报告已保存: /Users/rayxu/.openclaw/workspace/scripts/literature/literature-20260327-070233.json
2026-03-27 07:02:33 - ============================================================
2026-03-27 07:02:33 - 💾 简报已保存: /Users/rayxu/.openclaw/workspace/scripts/literature/literature-brief-20260327-070233.txt
2026-03-27 07:06:12 - ============================================================
2026-03-27 07:06:12 - 文献监控开始
2026-03-27 07:06:12 - 
📌 搜索关键词: functional coating automotive
2026-03-27 07:06:12 - 🔍 Semantic Scholar: functional coating automotive
2026-03-27 07:06:13 -    ❌ HTTP 429
2026-03-27 07:06:14 - 🔍 OpenAlex: functional coating automotive
2026-03-27 07:06:16 -    ✅ 找到 5 条结果
2026-03-27 07:06:17 - 🔍 Crossref: functional coating automotive
2026-03-27 07:06:18 -    ✅ 找到 5 条结果
2026-03-27 07:06:19 - 🔍 arXiv: functional coating automotive
2026-03-27 07:06:21 - 
📌 搜索关键词: automotive paint adhesion
2026-03-27 07:06:21 - 🔍 Semantic Scholar: automotive paint adhesion
2026-03-27 07:06:21 -    ❌ HTTP 429
2026-03-27 07:06:22 - 🔍 OpenAlex: automotive paint adhesion
2026-03-27 07:06:24 -    ✅ 找到 5 条结果
2026-03-27 07:06:26 - 🔍 Crossref: automotive paint adhesion
2026-03-27 07:06:26 -    ✅ 找到 5 条结果
2026-03-27 07:06:27 - 🔍 arXiv: automotive paint adhesion
2026-03-27 07:06:29 -    ✅ 找到 3 条结果
2026-03-27 07:06:30 - 
📌 搜索关键词: car paint protection coating
2026-03-27 07:06:30 - 🔍 Semantic Scholar: car paint protection coating
2026-03-27 07:06:30 -    ❌ HTTP 429
2026-03-27 07:06:31 - 🔍 OpenAlex: car paint protection coating
2026-03-27 07:06:33 -    ✅ 找到 5 条结果
2026-03-27 07:06:34 - 🔍 Crossref: car paint protection coating
2026-03-27 07:06:35 -    ✅ 找到 5 条结果
2026-03-27 07:06:36 - 🔍 arXiv: car paint protection coating
2026-03-27 07:06:37 -    ✅ 找到 3 条结果
2026-03-27 07:06:38 - 
📌 搜索关键词: 新能源汽车涂层材料
2026-03-27 07:06:38 - 🔍 Semantic Scholar: 新能源汽车涂层材料
2026-03-27 07:06:39 -    ❌ HTTP 429
2026-03-27 07:06:40 - 🔍 OpenAlex: 新能源汽车涂层材料
2026-03-27 07:06:41 -    ✅ 找到 0 条结果
2026-03-27 07:06:42 - 🔍 Crossref: 新能源汽车涂层材料
2026-03-27 07:06:43 -    ✅ 找到 5 条结果
2026-03-27 07:06:44 - 🔍 arXiv: 新能源汽车涂层材料
2026-03-27 07:06:45 -    ✅ 找到 0 条结果
2026-03-27 07:06:46 - 
📌 搜索关键词: 汽车涂料新工艺
2026-03-27 07:06:46 - 🔍 Semantic Scholar: 汽车涂料新工艺
2026-03-27 07:06:46 -    ❌ HTTP 429
2026-03-27 07:06:47 - 🔍 OpenAlex: 汽车涂料新工艺
2026-03-27 07:06:49 -    ✅ 找到 5 条结果
2026-03-27 07:06:50 - 🔍 Crossref: 汽车涂料新工艺
2026-03-27 07:06:51 -    ✅ 找到 5 条结果
2026-03-27 07:06:52 - 🔍 arXiv: 汽车涂料新工艺
2026-03-27 07:06:53 -    ✅ 找到 0 条结果
2026-03-27 07:06:54 - 
📌 搜索关键词: 3C coating material
2026-03-27 07:06:54 - 🔍 Semantic Scholar: 3C coating material
2026-03-27 07:06:54 -    ❌ HTTP 429
2026-03-27 07:06:56 - 🔍 OpenAlex: 3C coating material
2026-03-27 07:06:57 -    ✅ 找到 5 条结果
2026-03-27 07:06:58 - 🔍 Crossref: 3C coating material
2026-03-27 07:06:59 -    ✅ 找到 5 条结果
2026-03-27 07:07:00 - 🔍 arXiv: 3C coating material
2026-03-27 07:07:01 -    ✅ 找到 3 条结果
2026-03-27 07:07:02 - 
📌 搜索关键词: electronic coating nano
2026-03-27 07:07:02 - 🔍 Semantic Scholar: electronic coating nano
2026-03-27 07:07:03 -    ❌ HTTP 429
2026-03-27 07:07:04 - 🔍 OpenAlex: electronic coating nano
2026-03-27 07:07:06 -    ✅ 找到 5 条结果
2026-03-27 07:07:07 - 🔍 Crossref: electronic coating nano
2026-03-27 07:07:08 -    ✅ 找到 5 条结果
2026-03-27 07:07:09 - 🔍 arXiv: electronic coating nano
2026-03-27 07:07:10 -    ✅ 找到 3 条结果
2026-03-27 07:07:11 - 
📌 搜索关键词: smartphone coating technology
2026-03-27 07:07:11 - 🔍 Semantic Scholar: smartphone coating technology
2026-03-27 07:07:12 -    ❌ HTTP 429
2026-03-27 07:07:13 - 🔍 OpenAlex: smartphone coating technology
2026-03-27 07:07:14 -    ✅ 找到 5 条结果
2026-03-27 07:07:15 - 🔍 Crossref: smartphone coating technology
2026-03-27 07:07:16 -    ✅ 找到 5 条结果
2026-03-27 07:07:17 - 🔍 arXiv: smartphone coating technology
2026-03-27 07:07:18 -    ✅ 找到 3 条结果
2026-03-27 07:07:19 - 
📌 搜索关键词: 防腐涂层 电子
2026-03-27 07:07:19 - 🔍 Semantic Scholar: 防腐涂层 电子
2026-03-27 07:07:20 -    ❌ HTTP 429
2026-03-27 07:07:21 - 🔍 OpenAlex: 防腐涂层 电子
2026-03-27 07:07:22 -    ✅ 找到 5 条结果
2026-03-27 07:07:23 - 🔍 Crossref: 防腐涂层 电子
2026-03-27 07:07:24 -    ✅ 找到 5 条结果
2026-03-27 07:07:26 - 🔍 arXiv: 防腐涂层 电子
2026-03-27 07:07:27 -    ✅ 找到 0 条结果
2026-03-27 07:07:28 - 
📌 搜索关键词: functional coating
2026-03-27 07:07:28 - 🔍 Semantic Scholar: functional coating
2026-03-27 07:07:28 -    ❌ HTTP 429
2026-03-27 07:07:29 - 🔍 OpenAlex: functional coating
2026-03-27 07:07:31 -    ✅ 找到 5 条结果
2026-03-27 07:07:32 - 🔍 Crossref: functional coating
2026-03-27 07:07:32 -    ✅ 找到 5 条结果
2026-03-27 07:07:34 - 🔍 arXiv: functional coating
2026-03-27 07:07:34 -    ✅ 找到 3 条结果
2026-03-27 07:07:35 - 
📌 搜索关键词: nano coating surface
2026-03-27 07:07:35 - 🔍 Semantic Scholar: nano coating surface
2026-03-27 07:07:36 -    ❌ HTTP 429
2026-03-27 07:07:37 - 🔍 OpenAlex: nano coating surface
2026-03-27 07:07:39 -    ✅ 找到 5 条结果
2026-03-27 07:07:40 - 🔍 Crossref: nano coating surface
2026-03-27 07:07:41 -    ✅ 找到 5 条结果
2026-03-27 07:07:42 - 🔍 arXiv: nano coating surface
2026-03-27 07:07:43 -    ✅ 找到 3 条结果
2026-03-27 07:07:44 - 
📌 搜索关键词: smart coating self-healing
2026-03-27 07:07:44 - 🔍 Semantic Scholar: smart coating self-healing
2026-03-27 07:07:45 -    ✅ 找到 5 条结果
2026-03-27 07:07:46 - 🔍 OpenAlex: smart coating self-healing
2026-03-27 07:07:48 -    ✅ 找到 5 条结果
2026-03-27 07:07:49 - 🔍 Crossref: smart coating self-healing
2026-03-27 07:07:50 -    ✅ 找到 5 条结果
2026-03-27 07:07:51 - 🔍 arXiv: smart coating self-healing
2026-03-27 07:07:52 -    ✅ 找到 3 条结果
2026-03-27 07:07:53 - 
📌 搜索关键词: 功能涂料 新材料
2026-03-27 07:07:53 - 🔍 Semantic Scholar: 功能涂料 新材料
2026-03-27 07:07:53 -    ❌ HTTP 429
2026-03-27 07:07:54 - 🔍 OpenAlex: 功能涂料 新材料
2026-03-27 07:07:56 -    ✅ 找到 5 条结果
2026-03-27 07:07:57 - 🔍 Crossref: 功能涂料 新材料
2026-03-27 07:07:58 -    ✅ 找到 5 条结果
2026-03-27 07:07:59 - 🔍 arXiv: 功能涂料 新材料
2026-03-27 07:08:00 -    ✅ 找到 0 条结果
2026-03-27 07:08:01 - 
📌 搜索关键词: surface treatment technology
2026-03-27 07:08:01 - 🔍 Semantic Scholar: surface treatment technology
2026-03-27 07:08:02 -    ❌ HTTP 429
2026-03-27 07:08:03 - 🔍 OpenAlex: surface treatment technology
2026-03-27 07:08:05 -    ✅ 找到 5 条结果
2026-03-27 07:08:06 - 🔍 Crossref: surface treatment technology
2026-03-27 07:08:08 -    ✅ 找到 5 条结果
2026-03-27 07:08:09 - 🔍 arXiv: surface treatment technology
2026-03-27 07:08:10 -    ✅ 找到 3 条结果
2026-03-27 07:08:11 - 
📌 搜索关键词: corrosion protection coating
2026-03-27 07:08:11 - 🔍 Semantic Scholar: corrosion protection coating
2026-03-27 07:08:12 -    ✅ 找到 5 条结果
2026-03-27 07:08:13 - 🔍 OpenAlex: corrosion protection coating
2026-03-27 07:08:15 -    ✅ 找到 5 条结果
2026-03-27 07:08:16 - 🔍 Crossref: corrosion protection coating
2026-03-27 07:08:17 -    ✅ 找到 5 条结果
2026-03-27 07:08:18 - 🔍 arXiv: corrosion protection coating
2026-03-27 07:08:19 -    ✅ 找到 3 条结果
2026-03-27 07:08:20 - 
📌 搜索关键词: paint adhesion promoter
2026-03-27 07:08:20 - 🔍 Semantic Scholar: paint adhesion promoter
2026-03-27 07:08:20 -    ❌ HTTP 429
2026-03-27 07:08:21 - 🔍 OpenAlex: paint adhesion promoter
2026-03-27 07:08:23 -    ✅ 找到 5 条结果
2026-03-27 07:08:24 - 🔍 Crossref: paint adhesion promoter
2026-03-27 07:08:25 -    ✅ 找到 5 条结果
2026-03-27 07:08:26 - 🔍 arXiv: paint adhesion promoter
2026-03-27 07:08:27 -    ✅ 找到 3 条结果
2026-03-27 07:08:28 - 
📌 搜索关键词: 表面处理 新工艺
2026-03-27 07:08:28 - 🔍 Semantic Scholar: 表面处理 新工艺
2026-03-27 07:08:28 -    ❌ HTTP 429
2026-03-27 07:08:30 - 🔍 OpenAlex: 表面处理 新工艺
2026-03-27 07:08:30 -    ✅ 找到 5 条结果
2026-03-27 07:08:32 - 🔍 Crossref: 表面处理 新工艺
2026-03-27 07:08:32 -    ✅ 找到 5 条结果
2026-03-27 07:08:33 - 🔍 arXiv: 表面处理 新工艺
2026-03-27 07:08:34 -    ✅ 找到 0 条结果
2026-03-27 07:08:35 - 
✅ 共找到 185 篇文献
2026-03-27 07:08:35 - 💾 报告已保存: /Users/rayxu/.openclaw/workspace/scripts/literature/literature-20260327-070835.json
2026-03-27 07:08:35 - ============================================================
2026-03-27 07:08:35 - 💾 简报已保存: /Users/rayxu/.openclaw/workspace/scripts/literature/literature-brief-20260327-070835.txt
2026-03-28 06:10:01 - ============================================================
2026-03-28 06:10:01 - 文献监控开始
2026-03-28 06:10:01 - 
📌 搜索关键词: functional coating automotive
2026-03-28 06:10:01 - 🔍 Semantic Scholar: functional coating automotive
2026-03-28 06:10:02 -    ❌ HTTP 429
2026-03-28 06:10:03 - 🔍 OpenAlex: functional coating automotive
2026-03-28 06:10:05 -    ✅ 找到 5 条结果
2026-03-28 06:10:06 - 🔍 Crossref: functional coating automotive
2026-03-28 06:10:07 -    ✅ 找到 5 条结果
2026-03-28 06:10:08 - 🔍 arXiv: functional coating automotive
2026-03-28 06:10:09 -    ✅ 找到 3 条结果
2026-03-28 06:10:10 - 
📌 搜索关键词: automotive paint adhesion
2026-03-28 06:10:10 - 🔍 Semantic Scholar: automotive paint adhesion
2026-03-28 06:10:11 -    ❌ HTTP 429
2026-03-28 06:10:12 - 🔍 OpenAlex: automotive paint adhesion
2026-03-28 06:10:13 -    ✅ 找到 5 条结果
2026-03-28 06:10:15 - 🔍 Crossref: automotive paint adhesion
2026-03-28 06:10:15 -    ✅ 找到 5 条结果
2026-03-28 06:10:16 - 🔍 arXiv: automotive paint adhesion
2026-03-28 06:10:18 -    ✅ 找到 3 条结果
2026-03-28 06:10:19 - 
📌 搜索关键词: car paint protection coating
2026-03-28 06:10:19 - 🔍 Semantic Scholar: car paint protection coating
2026-03-28 06:10:19 -    ❌ HTTP 429
2026-03-28 06:10:20 - 🔍 OpenAlex: car paint protection coating
2026-03-28 06:10:22 -    ✅ 找到 5 条结果
2026-03-28 06:10:23 - 🔍 Crossref: car paint protection coating
2026-03-28 06:10:24 -    ✅ 找到 5 条结果
2026-03-28 06:10:25 - 🔍 arXiv: car paint protection coating
2026-03-28 06:10:26 -    ✅ 找到 3 条结果
2026-03-28 06:10:27 - 
📌 搜索关键词: 新能源汽车涂层材料
2026-03-28 06:10:27 - 🔍 Semantic Scholar: 新能源汽车涂层材料
2026-03-28 06:10:28 -    ❌ HTTP 429
2026-03-28 06:10:29 - 🔍 OpenAlex: 新能源汽车涂层材料
2026-03-28 06:10:31 -    ✅ 找到 0 条结果
2026-03-28 06:10:32 - 🔍 Crossref: 新能源汽车涂层材料
2026-03-28 06:10:33 -    ✅ 找到 5 条结果
2026-03-28 06:10:34 - 🔍 arXiv: 新能源汽车涂层材料
2026-03-28 06:10:35 -    ✅ 找到 0 条结果
2026-03-28 06:10:36 - 
📌 搜索关键词: 汽车涂料新工艺
2026-03-28 06:10:36 - 🔍 Semantic Scholar: 汽车涂料新工艺
2026-03-28 06:10:37 -    ❌ HTTP 429
2026-03-28 06:10:38 - 🔍 OpenAlex: 汽车涂料新工艺
2026-03-28 06:10:39 -    ✅ 找到 5 条结果
2026-03-28 06:10:40 - 🔍 Crossref: 汽车涂料新工艺
2026-03-28 06:10:41 -    ✅ 找到 5 条结果
2026-03-28 06:10:42 - 🔍 arXiv: 汽车涂料新工艺
2026-03-28 06:10:43 -    ✅ 找到 0 条结果
2026-03-28 06:10:44 - 
📌 搜索关键词: 3C coating material
2026-03-28 06:10:44 - 🔍 Semantic Scholar: 3C coating material
2026-03-28 06:10:51 -    ✅ 找到 5 条结果
2026-03-28 06:10:52 - 🔍 OpenAlex: 3C coating material
2026-03-28 06:10:53 -    ✅ 找到 5 条结果
2026-03-28 06:10:54 - 🔍 Crossref: 3C coating material
2026-03-28 06:10:55 -    ✅ 找到 5 条结果
2026-03-28 06:10:56 - 🔍 arXiv: 3C coating material
2026-03-28 06:10:58 -    ✅ 找到 3 条结果
2026-03-28 06:10:59 - 
📌 搜索关键词: electronic coating nano
2026-03-28 06:10:59 - 🔍 Semantic Scholar: electronic coating nano
2026-03-28 06:10:59 -    ❌ HTTP 429
2026-03-28 06:11:00 - 🔍 OpenAlex: electronic coating nano
2026-03-28 06:11:02 -    ✅ 找到 5 条结果
2026-03-28 06:11:03 - 🔍 Crossref: electronic coating nano
2026-03-28 06:11:04 -    ✅ 找到 5 条结果
2026-03-28 06:11:05 - 🔍 arXiv: electronic coating nano
2026-03-28 06:11:06 -    ✅ 找到 3 条结果
2026-03-28 06:11:07 - 
📌 搜索关键词: smartphone coating technology
2026-03-28 06:11:07 - 🔍 Semantic Scholar: smartphone coating technology
2026-03-28 06:11:08 -    ❌ HTTP 429
2026-03-28 06:11:09 - 🔍 OpenAlex: smartphone coating technology
2026-03-28 06:11:11 -    ✅ 找到 5 条结果
2026-03-28 06:11:12 - 🔍 Crossref: smartphone coating technology
2026-03-28 06:11:13 -    ✅ 找到 5 条结果
2026-03-28 06:11:14 - 🔍 arXiv: smartphone coating technology
2026-03-28 06:11:15 -    ✅ 找到 3 条结果
2026-03-28 06:11:16 - 
📌 搜索关键词: 防腐涂层 电子
2026-03-28 06:11:16 - 🔍 Semantic Scholar: 防腐涂层 电子
2026-03-28 06:11:16 -    ❌ HTTP 429
2026-03-28 06:11:17 - 🔍 OpenAlex: 防腐涂层 电子
2026-03-28 06:11:19 -    ✅ 找到 5 条结果
2026-03-28 06:11:20 - 🔍 Crossref: 防腐涂层 电子
2026-03-28 06:11:21 -    ✅ 找到 5 条结果
2026-03-28 06:11:22 - 🔍 arXiv: 防腐涂层 电子
2026-03-28 06:11:23 -    ✅ 找到 0 条结果
2026-03-28 06:11:24 - 
📌 搜索关键词: functional coating
2026-03-28 06:11:24 - 🔍 Semantic Scholar: functional coating
2026-03-28 06:11:28 -    ✅ 找到 5 条结果
2026-03-28 06:11:29 - 🔍 OpenAlex: functional coating
2026-03-28 06:11:30 -    ✅ 找到 5 条结果
2026-03-28 06:11:31 - 🔍 Crossref: functional coating
2026-03-28 06:11:32 -    ✅ 找到 5 条结果
2026-03-28 06:11:33 - 🔍 arXiv: functional coating
2026-03-28 06:11:34 -    ✅ 找到 3 条结果
2026-03-28 06:11:35 - 
📌 搜索关键词: nano coating surface
2026-03-28 06:11:35 - 🔍 Semantic Scholar: nano coating surface
2026-03-28 06:11:36 -    ❌ HTTP 429
2026-03-28 06:11:37 - 🔍 OpenAlex: nano coating surface
2026-03-28 06:11:39 -    ✅ 找到 5 条结果
2026-03-28 06:11:40 - 🔍 Crossref: nano coating surface
2026-03-28 06:11:41 -    ✅ 找到 5 条结果
2026-03-28 06:11:42 - 🔍 arXiv: nano coating surface
2026-03-28 06:11:43 -    ✅ 找到 3 条结果
2026-03-28 06:11:44 - 
📌 搜索关键词: smart coating self-healing
2026-03-28 06:11:44 - 🔍 Semantic Scholar: smart coating self-healing
2026-03-28 06:11:44 -    ❌ HTTP 429
2026-03-28 06:11:45 - 🔍 OpenAlex: smart coating self-healing
2026-03-28 06:11:47 -    ✅ 找到 5 条结果
2026-03-28 06:11:48 - 🔍 Crossref: smart coating self-healing
2026-03-28 06:11:49 -    ✅ 找到 5 条结果
2026-03-28 06:11:50 - 🔍 arXiv: smart coating self-healing
2026-03-28 06:11:51 -    ✅ 找到 3 条结果
2026-03-28 06:11:52 - 
📌 搜索关键词: 功能涂料 新材料
2026-03-28 06:11:52 - 🔍 Semantic Scholar: 功能涂料 新材料
2026-03-28 06:11:53 -    ❌ HTTP 429
2026-03-28 06:11:54 - 🔍 OpenAlex: 功能涂料 新材料
2026-03-28 06:11:55 -    ✅ 找到 5 条结果
2026-03-28 06:11:56 - 🔍 Crossref: 功能涂料 新材料
2026-03-28 06:11:57 -    ✅ 找到 5 条结果
2026-03-28 06:11:58 - 🔍 arXiv: 功能涂料 新材料
2026-03-28 06:11:59 -    ✅ 找到 0 条结果
2026-03-28 06:12:00 - 
📌 搜索关键词: surface treatment technology
2026-03-28 06:12:00 - 🔍 Semantic Scholar: surface treatment technology
2026-03-28 06:12:05 -    ✅ 找到 5 条结果
2026-03-28 06:12:07 - 🔍 OpenAlex: surface treatment technology
2026-03-28 06:12:08 -    ✅ 找到 5 条结果
2026-03-28 06:12:10 - 🔍 Crossref: surface treatment technology
2026-03-28 06:12:10 -    ✅ 找到 5 条结果
2026-03-28 06:12:11 - 🔍 arXiv: surface treatment technology
2026-03-28 06:12:13 -    ✅ 找到 3 条结果
2026-03-28 06:12:14 - 
📌 搜索关键词: corrosion protection coating
2026-03-28 06:12:14 - 🔍 Semantic Scholar: corrosion protection coating
2026-03-28 06:12:14 -    ❌ HTTP 429
2026-03-28 06:12:15 - 🔍 OpenAlex: corrosion protection coating
2026-03-28 06:12:17 -    ✅ 找到 5 条结果
2026-03-28 06:12:18 - 🔍 Crossref: corrosion protection coating
2026-03-28 06:12:19 -    ✅ 找到 5 条结果
2026-03-28 06:12:20 - 🔍 arXiv: corrosion protection coating
2026-03-28 06:12:21 -    ✅ 找到 3 条结果
2026-03-28 06:12:22 - 
📌 搜索关键词: paint adhesion promoter
2026-03-28 06:12:22 - 🔍 Semantic Scholar: paint adhesion promoter
2026-03-28 06:12:23 -    ❌ HTTP 429
2026-03-28 06:12:24 - 🔍 OpenAlex: paint adhesion promoter
2026-03-28 06:12:26 -    ✅ 找到 5 条结果
2026-03-28 06:12:27 - 🔍 Crossref: paint adhesion promoter
2026-03-28 06:12:27 -    ✅ 找到 5 条结果
2026-03-28 06:12:28 - 🔍 arXiv: paint adhesion promoter
2026-03-28 06:12:30 -    ✅ 找到 3 条结果
2026-03-28 06:12:31 - 
📌 搜索关键词: 表面处理 新工艺
2026-03-28 06:12:31 - 🔍 Semantic Scholar: 表面处理 新工艺
2026-03-28 06:12:31 -    ❌ HTTP 429
2026-03-28 06:12:32 - 🔍 OpenAlex: 表面处理 新工艺
2026-03-28 06:12:34 -    ✅ 找到 5 条结果
2026-03-28 06:12:35 - 🔍 Crossref: 表面处理 新工艺
2026-03-28 06:12:36 -    ✅ 找到 5 条结果
2026-03-28 06:12:37 - 🔍 arXiv: 表面处理 新工艺
2026-03-28 06:12:38 -    ✅ 找到 0 条结果
2026-03-28 06:12:39 - 
✅ 共找到 188 篇文献
2026-03-28 06:12:39 - 💾 报告已保存: /Users/rayxu/.openclaw/workspace/scripts/literature/literature-20260328-061239.json
2026-03-28 06:12:39 - ============================================================
2026-03-28 06:12:39 - 💾 简报已保存: /Users/rayxu/.openclaw/workspace/scripts/literature/literature-brief-20260328-061239.txt
2026-03-29 06:10:01 - ============================================================
2026-03-29 06:10:01 - 文献监控开始
2026-03-29 06:10:01 - 
📌 搜索关键词: functional coating automotive
2026-03-29 06:10:01 - 🔍 Semantic Scholar: functional coating automotive
2026-03-29 06:10:02 -    ❌ HTTP 429
2026-03-29 06:10:03 - 🔍 OpenAlex: functional coating automotive
2026-03-29 06:10:04 -    ✅ 找到 5 条结果
2026-03-29 06:10:06 - 🔍 Crossref: functional coating automotive
2026-03-29 06:10:06 -    ✅ 找到 5 条结果
2026-03-29 06:10:07 - 🔍 arXiv: functional coating automotive
2026-03-29 06:10:38 -    ❌ 错误: HTTPSConnectionPool(host='export.arxiv.org', port=443): Read timed out. (read timeout=30)
2026-03-29 06:10:39 - 
📌 搜索关键词: automotive paint adhesion
2026-03-29 06:10:39 - 🔍 Semantic Scholar: automotive paint adhesion
2026-03-29 06:10:40 -    ❌ HTTP 429
2026-03-29 06:10:41 - 🔍 OpenAlex: automotive paint adhesion
2026-03-29 06:10:43 -    ✅ 找到 5 条结果
2026-03-29 06:10:44 - 🔍 Crossref: automotive paint adhesion
2026-03-29 06:10:45 -    ✅ 找到 5 条结果
2026-03-29 06:10:46 - 🔍 arXiv: automotive paint adhesion
2026-03-29 06:10:48 - 
📌 搜索关键词: car paint protection coating
2026-03-29 06:10:48 - 🔍 Semantic Scholar: car paint protection coating
2026-03-29 06:10:49 -    ❌ HTTP 429
2026-03-29 06:10:50 - 🔍 OpenAlex: car paint protection coating
2026-03-29 06:10:52 -    ✅ 找到 5 条结果
2026-03-29 06:10:53 - 🔍 Crossref: car paint protection coating
2026-03-29 06:10:54 -    ✅ 找到 5 条结果
2026-03-29 06:10:55 - 🔍 arXiv: car paint protection coating
2026-03-29 06:10:57 - 
📌 搜索关键词: 新能源汽车涂层材料
2026-03-29 06:10:57 - 🔍 Semantic Scholar: 新能源汽车涂层材料
2026-03-29 06:10:58 -    ❌ 错误: HTTPSConnectionPool(host='api.semanticscholar.org', port=443): Max retries exceeded with url: /graph/v1/paper/search?query=%E6%96%B0%E8%83%BD%E6%BA%90%E6%B1%BD%E8%BD%A6%E6%B6%82%E5%B1%82%E6%9D%90%E6%96%99&limit=5&fields=title%2Cauthors%2Cyear%2Cabstract%2CcitationCount%2CexternalIds%2Curl%2CopenAccessPdf%2Cvenue (Caused by SSLError(SSLEOFError(8, '[SSL: UNEXPECTED_EOF_WHILE_READING] EOF occurred in violation of protocol (_ssl.c:1081)')))
2026-03-29 06:10:59 - 🔍 OpenAlex: 新能源汽车涂层材料
2026-03-29 06:11:00 -    ✅ 找到 0 条结果
2026-03-29 06:11:01 - 🔍 Crossref: 新能源汽车涂层材料
2026-03-29 06:11:02 -    ✅ 找到 5 条结果
2026-03-29 06:11:03 - 🔍 arXiv: 新能源汽车涂层材料
2026-03-29 06:11:06 - 
📌 搜索关键词: 汽车涂料新工艺
2026-03-29 06:11:06 - 🔍 Semantic Scholar: 汽车涂料新工艺
2026-03-29 06:11:07 -    ✅ 找到 5 条结果
2026-03-29 06:11:08 - 🔍 OpenAlex: 汽车涂料新工艺
2026-03-29 06:11:09 -    ✅ 找到 5 条结果
2026-03-29 06:11:10 - 🔍 Crossref: 汽车涂料新工艺
2026-03-29 06:11:11 -    ✅ 找到 5 条结果
2026-03-29 06:11:12 - 🔍 arXiv: 汽车涂料新工艺
2026-03-29 06:11:43 -    ❌ 错误: HTTPSConnectionPool(host='export.arxiv.org', port=443): Read timed out. (read timeout=30)
2026-03-29 06:11:44 - 
📌 搜索关键词: 3C coating material
2026-03-29 06:11:44 - 🔍 Semantic Scholar: 3C coating material
2026-03-29 06:11:45 -    ❌ HTTP 429
2026-03-29 06:11:46 - 🔍 OpenAlex: 3C coating material
2026-03-29 06:11:49 -    ✅ 找到 5 条结果
2026-03-29 06:11:50 - 🔍 Crossref: 3C coating material
2026-03-29 06:11:51 -    ✅ 找到 5 条结果
2026-03-29 06:11:52 - 🔍 arXiv: 3C coating material
2026-03-29 06:12:22 -    ❌ 错误: HTTPSConnectionPool(host='export.arxiv.org', port=443): Read timed out. (read timeout=30)
2026-03-29 06:12:24 - 
📌 搜索关键词: electronic coating nano
2026-03-29 06:12:24 - 🔍 Semantic Scholar: electronic coating nano
2026-03-29 06:12:25 -    ✅ 找到 5 条结果
2026-03-29 06:12:26 - 🔍 OpenAlex: electronic coating nano
2026-03-29 06:12:29 -    ✅ 找到 5 条结果
2026-03-29 06:12:31 - 🔍 Crossref: electronic coating nano
2026-03-29 06:12:31 -    ✅ 找到 5 条结果
2026-03-29 06:12:32 - 🔍 arXiv: electronic coating nano
2026-03-29 06:12:45 - 
📌 搜索关键词: smartphone coating technology
2026-03-29 06:12:45 - 🔍 Semantic Scholar: smartphone coating technology
2026-03-29 06:12:45 -    ❌ HTTP 429
2026-03-29 06:12:47 - 🔍 OpenAlex: smartphone coating technology
2026-03-29 06:12:49 -    ✅ 找到 5 条结果
2026-03-29 06:12:50 - 🔍 Crossref: smartphone coating technology
2026-03-29 06:12:50 -    ✅ 找到 5 条结果
2026-03-29 06:12:52 - 🔍 arXiv: smartphone coating technology
2026-03-29 06:12:54 - 
📌 搜索关键词: 防腐涂层 电子
2026-03-29 06:12:54 - 🔍 Semantic Scholar: 防腐涂层 电子
2026-03-29 06:12:54 -    ❌ HTTP 429
2026-03-29 06:12:55 - 🔍 OpenAlex: 防腐涂层 电子
2026-03-29 06:12:57 -    ✅ 找到 5 条结果
2026-03-29 06:12:59 - 🔍 Crossref: 防腐涂层 电子
2026-03-29 06:12:59 -    ✅ 找到 5 条结果
2026-03-29 06:13:01 - 🔍 arXiv: 防腐涂层 电子
2026-03-29 06:13:03 - 
📌 搜索关键词: functional coating
2026-03-29 06:13:03 - 🔍 Semantic Scholar: functional coating
2026-03-29 06:13:03 -    ❌ HTTP 429
2026-03-29 06:13:04 - 🔍 OpenAlex: functional coating
2026-03-29 06:13:05 -    ❌ 错误: HTTPSConnectionPool(host='api.openalex.org', port=443): Max retries exceeded with url: /works?search=functional+coating&per-page=5&select=title%2Cauthorships%2Cpublication_year%2Cabstract_inverted_index%2C+cited_by_count%2C+primary_location%2Cdoi%2Cid (Caused by SSLError(SSLEOFError(8, '[SSL: UNEXPECTED_EOF_WHILE_READING] EOF occurred in violation of protocol (_ssl.c:1081)')))
2026-03-29 06:13:06 - 🔍 Crossref: functional coating
2026-03-29 06:13:07 -    ✅ 找到 5 条结果
2026-03-29 06:13:08 - 🔍 arXiv: functional coating
2026-03-29 06:13:38 -    ❌ 错误: HTTPSConnectionPool(host='export.arxiv.org', port=443): Read timed out. (read timeout=30)
2026-03-29 06:13:40 - 
📌 搜索关键词: nano coating surface
2026-03-29 06:13:40 - 🔍 Semantic Scholar: nano coating surface
2026-03-29 06:13:40 -    ❌ HTTP 429
2026-03-29 06:13:41 - 🔍 OpenAlex: nano coating surface
2026-03-29 06:13:44 -    ✅ 找到 5 条结果
2026-03-29 06:13:45 - 🔍 Crossref: nano coating surface
2026-03-29 06:13:46 -    ✅ 找到 5 条结果
2026-03-29 06:13:47 - 🔍 arXiv: nano coating surface
2026-03-29 06:13:49 - 
📌 搜索关键词: smart coating self-healing
2026-03-29 06:13:49 - 🔍 Semantic Scholar: smart coating self-healing
2026-03-29 06:13:49 -    ❌ HTTP 429
2026-03-29 06:13:50 - 🔍 OpenAlex: smart coating self-healing
2026-03-29 06:13:53 -    ✅ 找到 5 条结果
2026-03-29 06:13:54 - 🔍 Crossref: smart coating self-healing
2026-03-29 06:13:55 -    ✅ 找到 5 条结果
2026-03-29 06:13:56 - 🔍 arXiv: smart coating self-healing
2026-03-29 06:14:27 -    ❌ 错误: HTTPSConnectionPool(host='export.arxiv.org', port=443): Read timed out. (read timeout=30)
2026-03-29 06:14:28 - 
📌 搜索关键词: 功能涂料 新材料
2026-03-29 06:14:28 - 🔍 Semantic Scholar: 功能涂料 新材料
2026-03-29 06:14:28 -    ❌ HTTP 429
2026-03-29 06:14:29 - 🔍 OpenAlex: 功能涂料 新材料
2026-03-29 06:14:31 -    ✅ 找到 5 条结果
2026-03-29 06:14:32 - 🔍 Crossref: 功能涂料 新材料
2026-03-29 06:14:32 -    ✅ 找到 5 条结果
2026-03-29 06:14:33 - 🔍 arXiv: 功能涂料 新材料
2026-03-29 06:14:51 - 
📌 搜索关键词: surface treatment technology
2026-03-29 06:14:51 - 🔍 Semantic Scholar: surface treatment technology
2026-03-29 06:14:51 -    ❌ HTTP 429
2026-03-29 06:14:53 - 🔍 OpenAlex: surface treatment technology
2026-03-29 06:14:54 -    ✅ 找到 5 条结果
2026-03-29 06:14:56 - 🔍 Crossref: surface treatment technology
2026-03-29 06:14:56 -    ✅ 找到 5 条结果
2026-03-29 06:14:57 - 🔍 arXiv: surface treatment technology
2026-03-29 06:15:28 -    ❌ 错误: HTTPSConnectionPool(host='export.arxiv.org', port=443): Read timed out. (read timeout=30)
2026-03-29 06:15:29 - 
📌 搜索关键词: corrosion protection coating
2026-03-29 06:15:29 - 🔍 Semantic Scholar: corrosion protection coating
2026-03-29 06:15:30 -    ❌ HTTP 429
2026-03-29 06:15:31 - 🔍 OpenAlex: corrosion protection coating
2026-03-29 06:15:33 -    ✅ 找到 5 条结果
2026-03-29 06:15:34 - 🔍 Crossref: corrosion protection coating
2026-03-29 06:15:35 -    ✅ 找到 5 条结果
2026-03-29 06:15:36 - 🔍 arXiv: corrosion protection coating
2026-03-29 06:15:54 - 
📌 搜索关键词: paint adhesion promoter
2026-03-29 06:15:54 - 🔍 Semantic Scholar: paint adhesion promoter
2026-03-29 06:15:54 -    ❌ HTTP 429
2026-03-29 06:15:55 - 🔍 OpenAlex: paint adhesion promoter
2026-03-29 06:15:57 -    ✅ 找到 5 条结果
2026-03-29 06:15:58 - 🔍 Crossref: paint adhesion promoter
2026-03-29 06:15:58 -    ✅ 找到 5 条结果
2026-03-29 06:15:59 - 🔍 arXiv: paint adhesion promoter
2026-03-29 06:16:30 -    ❌ 错误: HTTPSConnectionPool(host='export.arxiv.org', port=443): Read timed out. (read timeout=30)
2026-03-29 06:16:31 - 
📌 搜索关键词: 表面处理 新工艺
2026-03-29 06:16:31 - 🔍 Semantic Scholar: 表面处理 新工艺
2026-03-29 06:16:32 -    ❌ HTTP 429
2026-03-29 06:16:33 - 🔍 OpenAlex: 表面处理 新工艺
2026-03-29 06:16:35 -    ✅ 找到 5 条结果
2026-03-29 06:16:36 - 🔍 Crossref: 表面处理 新工艺
2026-03-29 06:16:37 -    ✅ 找到 5 条结果
2026-03-29 06:16:38 - 🔍 arXiv: 表面处理 新工艺
2026-03-29 06:17:06 - 
✅ 共找到 153 篇文献
2026-03-29 06:17:06 - 💾 报告已保存: /Users/rayxu/.openclaw/workspace/scripts/literature/literature-20260329-061706.json
2026-03-29 06:17:06 - ============================================================
2026-03-29 06:17:06 - 💾 简报已保存: /Users/rayxu/.openclaw/workspace/scripts/literature/literature-brief-20260329-061706.txt
2026-03-30 06:10:01 - ============================================================
2026-03-30 06:10:01 - 文献监控开始
2026-03-30 06:10:01 - 
📌 搜索关键词: functional coating automotive
2026-03-30 06:10:01 - 🔍 Semantic Scholar: functional coating automotive
2026-03-30 06:10:01 -    ❌ HTTP 429
2026-03-30 06:10:02 - 🔍 OpenAlex: functional coating automotive
2026-03-30 06:10:04 -    ✅ 找到 5 条结果
2026-03-30 06:10:05 - 🔍 Crossref: functional coating automotive
2026-03-30 06:10:05 -    ✅ 找到 5 条结果
2026-03-30 06:10:06 - 🔍 arXiv: functional coating automotive
2026-03-30 06:10:37 -    ❌ 错误: HTTPSConnectionPool(host='export.arxiv.org', port=443): Read timed out. (read timeout=30)
2026-03-30 06:10:38 - 
📌 搜索关键词: automotive paint adhesion
2026-03-30 06:10:38 - 🔍 Semantic Scholar: automotive paint adhesion
2026-03-30 06:10:40 -    ✅ 找到 5 条结果
2026-03-30 06:10:41 - 🔍 OpenAlex: automotive paint adhesion
2026-03-30 06:10:43 -    ✅ 找到 5 条结果
2026-03-30 06:10:44 - 🔍 Crossref: automotive paint adhesion
2026-03-30 06:10:45 -    ✅ 找到 5 条结果
2026-03-30 06:10:46 - 🔍 arXiv: automotive paint adhesion
2026-03-30 06:10:48 - 
📌 搜索关键词: car paint protection coating
2026-03-30 06:10:48 - 🔍 Semantic Scholar: car paint protection coating
2026-03-30 06:10:49 -    ❌ HTTP 429
2026-03-30 06:10:50 - 🔍 OpenAlex: car paint protection coating
2026-03-30 06:10:51 -    ✅ 找到 5 条结果
2026-03-30 06:10:53 - 🔍 Crossref: car paint protection coating
2026-03-30 06:10:53 -    ✅ 找到 5 条结果
2026-03-30 06:10:54 - 🔍 arXiv: car paint protection coating
2026-03-30 06:11:12 - 
📌 搜索关键词: 新能源汽车涂层材料
2026-03-30 06:11:12 - 🔍 Semantic Scholar: 新能源汽车涂层材料
2026-03-30 06:11:13 -    ❌ HTTP 429
2026-03-30 06:11:14 - 🔍 OpenAlex: 新能源汽车涂层材料
2026-03-30 06:11:15 -    ✅ 找到 0 条结果
2026-03-30 06:11:16 - 🔍 Crossref: 新能源汽车涂层材料
2026-03-30 06:11:17 -    ✅ 找到 5 条结果
2026-03-30 06:11:18 - 🔍 arXiv: 新能源汽车涂层材料
2026-03-30 06:11:20 - 
📌 搜索关键词: 汽车涂料新工艺
2026-03-30 06:11:20 - 🔍 Semantic Scholar: 汽车涂料新工艺
2026-03-30 06:11:21 -    ❌ HTTP 429
2026-03-30 06:11:22 - 🔍 OpenAlex: 汽车涂料新工艺
2026-03-30 06:11:23 -    ✅ 找到 5 条结果
2026-03-30 06:11:25 - 🔍 Crossref: 汽车涂料新工艺
2026-03-30 06:11:25 -    ✅ 找到 5 条结果
2026-03-30 06:11:26 - 🔍 arXiv: 汽车涂料新工艺
2026-03-30 06:11:29 - 
📌 搜索关键词: 3C coating material
2026-03-30 06:11:29 - 🔍 Semantic Scholar: 3C coating material
2026-03-30 06:11:29 -    ❌ HTTP 429
2026-03-30 06:11:30 - 🔍 OpenAlex: 3C coating material
2026-03-30 06:11:32 -    ✅ 找到 5 条结果
2026-03-30 06:11:33 - 🔍 Crossref: 3C coating material
2026-03-30 06:11:34 -    ✅ 找到 5 条结果
2026-03-30 06:11:35 - 🔍 arXiv: 3C coating material
2026-03-30 06:11:52 - 
📌 搜索关键词: electronic coating nano
2026-03-30 06:11:53 - 🔍 Semantic Scholar: electronic coating nano
2026-03-30 06:11:53 -    ❌ HTTP 429
2026-03-30 06:11:54 - 🔍 OpenAlex: electronic coating nano
2026-03-30 06:11:55 -    ✅ 找到 5 条结果
2026-03-30 06:11:57 - 🔍 Crossref: electronic coating nano
2026-03-30 06:11:57 -    ✅ 找到 5 条结果
2026-03-30 06:11:58 - 🔍 arXiv: electronic coating nano
2026-03-30 06:12:16 - 
📌 搜索关键词: smartphone coating technology
2026-03-30 06:12:16 - 🔍 Semantic Scholar: smartphone coating technology
2026-03-30 06:12:17 -    ❌ HTTP 429
2026-03-30 06:12:18 - 🔍 OpenAlex: smartphone coating technology
2026-03-30 06:12:21 -    ✅ 找到 5 条结果
2026-03-30 06:12:22 - 🔍 Crossref: smartphone coating technology
2026-03-30 06:12:23 -    ✅ 找到 5 条结果
2026-03-30 06:12:24 - 🔍 arXiv: smartphone coating technology
2026-03-30 06:12:55 -    ❌ 错误: HTTPSConnectionPool(host='export.arxiv.org', port=443): Read timed out. (read timeout=30)
2026-03-30 06:12:56 - 
📌 搜索关键词: 防腐涂层 电子
2026-03-30 06:12:56 - 🔍 Semantic Scholar: 防腐涂层 电子
2026-03-30 06:12:56 -    ❌ HTTP 429
2026-03-30 06:12:58 - 🔍 OpenAlex: 防腐涂层 电子
2026-03-30 06:13:00 -    ✅ 找到 5 条结果
2026-03-30 06:13:01 - 🔍 Crossref: 防腐涂层 电子
2026-03-30 06:13:02 -    ✅ 找到 5 条结果
2026-03-30 06:13:03 - 🔍 arXiv: 防腐涂层 电子
2026-03-30 06:13:15 - 
📌 搜索关键词: functional coating
2026-03-30 06:13:15 - 🔍 Semantic Scholar: functional coating
2026-03-30 06:13:16 -    ❌ HTTP 429
2026-03-30 06:13:17 - 🔍 OpenAlex: functional coating
2026-03-30 06:13:18 -    ✅ 找到 5 条结果
2026-03-30 06:13:20 - 🔍 Crossref: functional coating
2026-03-30 06:13:20 -    ✅ 找到 5 条结果
2026-03-30 06:13:21 - 🔍 arXiv: functional coating
2026-03-30 06:13:24 - 
📌 搜索关键词: nano coating surface
2026-03-30 06:13:24 - 🔍 Semantic Scholar: nano coating surface
2026-03-30 06:13:24 -    ❌ HTTP 429
2026-03-30 06:13:25 - 🔍 OpenAlex: nano coating surface
2026-03-30 06:13:27 -    ✅ 找到 5 条结果
2026-03-30 06:13:28 - 🔍 Crossref: nano coating surface
2026-03-30 06:13:29 -    ✅ 找到 5 条结果
2026-03-30 06:13:30 - 🔍 arXiv: nano coating surface
2026-03-30 06:13:47 - 
📌 搜索关键词: smart coating self-healing
2026-03-30 06:13:47 - 🔍 Semantic Scholar: smart coating self-healing
2026-03-30 06:13:48 -    ❌ HTTP 429
2026-03-30 06:13:49 - 🔍 OpenAlex: smart coating self-healing
2026-03-30 06:13:50 -    ✅ 找到 5 条结果
2026-03-30 06:13:51 - 🔍 Crossref: smart coating self-healing
2026-03-30 06:13:52 -    ✅ 找到 5 条结果
2026-03-30 06:13:53 - 🔍 arXiv: smart coating self-healing
2026-03-30 06:14:24 -    ❌ 错误: HTTPSConnectionPool(host='export.arxiv.org', port=443): Read timed out. (read timeout=30)
2026-03-30 06:14:25 - 
📌 搜索关键词: 功能涂料 新材料
2026-03-30 06:14:25 - 🔍 Semantic Scholar: 功能涂料 新材料
2026-03-30 06:14:27 -    ✅ 找到 5 条结果
2026-03-30 06:14:29 - 🔍 OpenAlex: 功能涂料 新材料
2026-03-30 06:14:30 -    ✅ 找到 5 条结果
2026-03-30 06:14:31 - 🔍 Crossref: 功能涂料 新材料
2026-03-30 06:14:32 -    ✅ 找到 5 条结果
2026-03-30 06:14:33 - 🔍 arXiv: 功能涂料 新材料
2026-03-30 06:14:50 - 
📌 搜索关键词: surface treatment technology
2026-03-30 06:14:50 - 🔍 Semantic Scholar: surface treatment technology
2026-03-30 06:14:51 -    ❌ HTTP 429
2026-03-30 06:14:52 - 🔍 OpenAlex: surface treatment technology
2026-03-30 06:14:54 -    ✅ 找到 5 条结果
2026-03-30 06:14:55 - 🔍 Crossref: surface treatment technology
2026-03-30 06:14:56 -    ✅ 找到 5 条结果
2026-03-30 06:14:57 - 🔍 arXiv: surface treatment technology
2026-03-30 06:14:59 - 
📌 搜索关键词: corrosion protection coating
2026-03-30 06:14:59 - 🔍 Semantic Scholar: corrosion protection coating
2026-03-30 06:15:00 -    ❌ HTTP 429
2026-03-30 06:15:01 - 🔍 OpenAlex: corrosion protection coating
2026-03-30 06:15:03 -    ✅ 找到 5 条结果
2026-03-30 06:15:04 - 🔍 Crossref: corrosion protection coating
2026-03-30 06:15:04 -    ✅ 找到 5 条结果
2026-03-30 06:15:06 - 🔍 arXiv: corrosion protection coating
2026-03-30 06:15:08 - 
📌 搜索关键词: paint adhesion promoter
2026-03-30 06:15:08 - 🔍 Semantic Scholar: paint adhesion promoter
2026-03-30 06:15:09 -    ❌ HTTP 429
2026-03-30 06:15:10 - 🔍 OpenAlex: paint adhesion promoter
2026-03-30 06:15:12 -    ✅ 找到 5 条结果
2026-03-30 06:15:13 - 🔍 Crossref: paint adhesion promoter
2026-03-30 06:15:14 -    ✅ 找到 5 条结果
2026-03-30 06:15:15 - 🔍 arXiv: paint adhesion promoter
2026-03-30 06:15:45 -    ❌ 错误: HTTPSConnectionPool(host='export.arxiv.org', port=443): Read timed out. (read timeout=30)
2026-03-30 06:15:46 - 
📌 搜索关键词: 表面处理 新工艺
2026-03-30 06:15:46 - 🔍 Semantic Scholar: 表面处理 新工艺
2026-03-30 06:15:47 -    ❌ HTTP 429
2026-03-30 06:15:48 - 🔍 OpenAlex: 表面处理 新工艺
2026-03-30 06:15:50 -    ✅ 找到 5 条结果
2026-03-30 06:15:51 - 🔍 Crossref: 表面处理 新工艺
2026-03-30 06:15:51 -    ✅ 找到 5 条结果
2026-03-30 06:15:52 - 🔍 arXiv: 表面处理 新工艺
2026-03-30 06:16:11 - 
✅ 共找到 157 篇文献
2026-03-30 06:16:11 - 💾 报告已保存: /Users/rayxu/.openclaw/workspace/scripts/literature/literature-20260330-061611.json
2026-03-30 06:16:11 - ============================================================
2026-03-30 06:16:11 - 💾 简报已保存: /Users/rayxu/.openclaw/workspace/scripts/literature/literature-brief-20260330-061611.txt
