2026-03-26 06:32:29 - ============================================================
2026-03-26 06:32:29 - 舆情监测定时任务开始
2026-03-26 06:32:29 - 关键词: iPhone, 小米汽车, 特斯拉, 人工智能, 大模型, 新能源车, 两会, 春节档, 奥运会
2026-03-26 06:32:29 - 开始运行舆情监测...
2026-03-26 06:32:43 - 监测脚本执行成功
2026-03-26 06:32:43 - 最新报告: simple-sentiment-20260326-063243.json
2026-03-26 06:32:43 - 简报已保存: /tmp/sentiment-brief.txt
2026-03-26 06:32:43 - ============================================================
2026-03-26 06:32:43 - 舆情监测定时任务完成
2026-03-26 07:07:44 - ============================================================
2026-03-26 07:07:44 - 舆情监测定时任务开始
2026-03-26 07:07:44 - 关键词: iPhone, 小米汽车, 特斯拉, 人工智能, 大模型, 新能源车, 两会, 春节档, 奥运会
2026-03-26 07:07:44 - 开始运行舆情监测...
2026-03-26 07:10:52 - 监测脚本执行成功
2026-03-26 07:10:52 - 最新报告: simple-sentiment-20260326-071052.json
2026-03-26 07:10:52 - 简报已保存: /tmp/sentiment-brief.txt
2026-03-26 07:10:52 - ============================================================
2026-03-26 07:10:52 - 舆情监测定时任务完成
2026-03-26 14:00:00 - ============================================================
2026-03-26 14:00:00 - 舆情监测定时任务开始
2026-03-26 14:00:00 - 关键词: iPhone, 小米汽车, 特斯拉, 人工智能, 大模型, 新能源车, 两会, 春节档, 奥运会
2026-03-26 14:00:00 - 开始运行舆情监测...
2026-03-26 14:00:00 - 监测脚本执行成功
2026-03-26 14:00:00 - 最新报告: simple-sentiment-20260326-140000.json
2026-03-26 14:00:00 - 简报已保存: /tmp/sentiment-brief.txt
2026-03-26 14:00:00 - ============================================================
2026-03-26 14:00:00 - 舆情监测定时任务完成
2026-03-26 14:00:00 - ============================================================
2026-03-26 14:00:00 - 舆情监测定时任务开始
2026-03-26 14:00:00 - 关键词: iPhone, 小米汽车, 特斯拉, 人工智能, 大模型, 新能源车, 两会, 春节档, 奥运会
2026-03-26 14:00:00 - 开始运行舆情监测...
2026-03-26 14:00:00 - 监测脚本执行成功
2026-03-26 14:00:00 - 最新报告: simple-sentiment-20260326-140000.json
2026-03-26 14:00:00 - 简报已保存: /tmp/sentiment-brief.txt
2026-03-26 14:00:00 - ============================================================
2026-03-26 14:00:00 - 舆情监测定时任务完成

📊 舆情监测简报
📅 2026-03-26 14:00:00
🔑 关键词: iPhone, 小米汽车, 特斯拉, 人工智能, 大模型, 新能源车, 两会, 春节档, 奥运会


🔍 关键词命中统计

📄 详细报告: scripts/reports/
2026-03-27 14:00:00 - ============================================================
2026-03-27 14:00:00 - 舆情监测定时任务开始
2026-03-27 14:00:00 - 关键词: iPhone, 小米汽车, 特斯拉, 人工智能, 大模型, 新能源车, 两会, 春节档, 奥运会
2026-03-27 14:00:00 - 开始运行舆情监测...
2026-03-27 14:00:00 - 监测脚本执行成功
2026-03-27 14:00:00 - 最新报告: simple-sentiment-20260327-140000.json
2026-03-27 14:00:00 - 简报已保存: /tmp/sentiment-brief.txt
2026-03-27 14:00:00 - ============================================================
2026-03-27 14:00:00 - 舆情监测定时任务完成
2026-03-27 14:00:00 - ============================================================
2026-03-27 14:00:00 - 舆情监测定时任务开始
2026-03-27 14:00:00 - 关键词: iPhone, 小米汽车, 特斯拉, 人工智能, 大模型, 新能源车, 两会, 春节档, 奥运会
2026-03-27 14:00:00 - 开始运行舆情监测...
2026-03-27 14:00:00 - 监测脚本执行成功
2026-03-27 14:00:00 - 最新报告: simple-sentiment-20260327-140000.json
2026-03-27 14:00:00 - 简报已保存: /tmp/sentiment-brief.txt
2026-03-27 14:00:00 - ============================================================
2026-03-27 14:00:00 - 舆情监测定时任务完成

📊 舆情监测简报
📅 2026-03-27 14:00:00
🔑 关键词: iPhone, 小米汽车, 特斯拉, 人工智能, 大模型, 新能源车, 两会, 春节档, 奥运会


🔍 关键词命中统计

📄 详细报告: scripts/reports/
2026-03-27 14:11:56 - ============================================================
2026-03-27 14:11:56 - 舆情监测定时任务开始
2026-03-27 14:11:56 - 关键词: iPhone, 小米汽车, 特斯拉, 人工智能, 大模型, 新能源车, 两会, 春节档, 奥运会
2026-03-27 14:11:56 - 开始运行舆情监测...
2026-03-27 14:15:17 - 监测脚本执行成功
2026-03-27 14:15:17 - 最新报告: simple-sentiment-20260327-141517.json
2026-03-27 14:15:17 - 简报已保存: /tmp/sentiment-brief.txt
2026-03-27 14:15:19 - ✅ Telegram消息发送成功
2026-03-27 14:15:19 - ============================================================
2026-03-27 14:15:19 - 舆情监测定时任务完成
2026-03-28 14:00:00 - ============================================================
2026-03-28 14:00:00 - 舆情监测定时任务开始
2026-03-28 14:00:00 - 关键词: iPhone, 小米汽车, 特斯拉, 人工智能, 大模型, 新能源车, 两会, 春节档, 奥运会
2026-03-28 14:00:00 - 开始运行舆情监测...
2026-03-28 14:00:00 - 监测脚本执行成功
2026-03-28 14:00:00 - 最新报告: simple-sentiment-20260328-140000.json
2026-03-28 14:00:00 - 简报已保存: /tmp/sentiment-brief.txt
2026-03-28 14:00:02 - ✅ Telegram消息发送成功
2026-03-28 14:00:02 - ============================================================
2026-03-28 14:00:02 - 舆情监测定时任务完成
2026-03-28 14:00:00 - ============================================================
2026-03-28 14:00:00 - 舆情监测定时任务开始
2026-03-28 14:00:00 - 关键词: iPhone, 小米汽车, 特斯拉, 人工智能, 大模型, 新能源车, 两会, 春节档, 奥运会
2026-03-28 14:00:00 - 开始运行舆情监测...
2026-03-28 14:00:00 - 监测脚本执行成功
2026-03-28 14:00:00 - 最新报告: simple-sentiment-20260328-140000.json
2026-03-28 14:00:00 - 简报已保存: /tmp/sentiment-brief.txt
2026-03-28 14:00:02 - ✅ Telegram消息发送成功
2026-03-28 14:00:02 - ============================================================
2026-03-28 14:00:02 - 舆情监测定时任务完成
2026-03-29 14:00:00 - ============================================================
2026-03-29 14:00:00 - 舆情监测定时任务开始
2026-03-29 14:00:00 - 关键词: iPhone, 小米汽车, 特斯拉, 人工智能, 大模型, 新能源车, 两会, 春节档, 奥运会
2026-03-29 14:00:00 - 开始运行舆情监测...
2026-03-29 14:00:00 - 监测脚本执行成功
2026-03-29 14:00:00 - 最新报告: simple-sentiment-20260329-140000.json
2026-03-29 14:00:00 - 简报已保存: /tmp/sentiment-brief.txt
2026-03-29 14:00:04 - ✅ Telegram消息发送成功
2026-03-29 14:00:04 - ============================================================
2026-03-29 14:00:04 - 舆情监测定时任务完成
2026-03-29 14:00:00 - ============================================================
2026-03-29 14:00:00 - 舆情监测定时任务开始
2026-03-29 14:00:00 - 关键词: iPhone, 小米汽车, 特斯拉, 人工智能, 大模型, 新能源车, 两会, 春节档, 奥运会
2026-03-29 14:00:00 - 开始运行舆情监测...
2026-03-29 14:00:00 - 监测脚本执行成功
2026-03-29 14:00:00 - 最新报告: simple-sentiment-20260329-140000.json
2026-03-29 14:00:00 - 简报已保存: /tmp/sentiment-brief.txt
2026-03-29 14:00:04 - ✅ Telegram消息发送成功
2026-03-29 14:00:04 - ============================================================
2026-03-29 14:00:04 - 舆情监测定时任务完成
